<?xml version="1.0" encoding="UTF-8"?>
<testng-results ignored="0" total="2" passed="2" failed="0" skipped="0">
  <reporter-output>
  </reporter-output>
  <suite started-at="2025-10-17T15:36:01 IST" name="Default suite" finished-at="2025-10-17T15:36:11 IST" duration-ms="10825">
    <groups>
    </groups>
    <test started-at="2025-10-17T15:36:01 IST" name="Default test" finished-at="2025-10-17T15:36:11 IST" duration-ms="10825">
      <class name="tests.SauceLoginTest">
        <test-method is-config="true" signature="setup()[pri:0, instance:tests.SauceLoginTest@561b6512]" started-at="2025-10-17T15:36:01 IST" name="setup" finished-at="2025-10-17T15:36:08 IST" duration-ms="7348" status="PASS">
          <reporter-output>
          </reporter-output>
        </test-method> <!-- setup -->
        <test-method signature="loginTest(java.lang.String,java.lang.String)[pri:0, instance:tests.SauceLoginTest@561b6512]" started-at="2025-10-17T15:36:08 IST" name="loginTest" data-provider="users" finished-at="2025-10-17T15:36:08 IST" duration-ms="397" status="PASS">
          <params>
            <param index="0">
              <value>
                <![CDATA[standard_user]]>
              </value>
            </param>
            <param index="1">
              <value>
                <![CDATA[secret_sauce]]>
              </value>
            </param>
          </params>
          <reporter-output>
          </reporter-output>
        </test-method> <!-- loginTest -->
        <test-method signature="checkOutTest(java.lang.String,java.lang.String,java.lang.String)[pri:0, instance:tests.SauceLoginTest@561b6512]" started-at="2025-10-17T15:36:08 IST" name="checkOutTest" data-provider="create" finished-at="2025-10-17T15:36:09 IST" depends-on-methods="tests.SauceLoginTest.loginTest" duration-ms="585" status="PASS">
          <params>
            <param index="0">
              <value>
                <![CDATA[venkat]]>
              </value>
            </param>
            <param index="1">
              <value>
                <![CDATA[M]]>
              </value>
            </param>
            <param index="2">
              <value>
                <![CDATA[518302]]>
              </value>
            </param>
          </params>
          <reporter-output>
          </reporter-output>
        </test-method> <!-- checkOutTest -->
        <test-method is-config="true" signature="teardown()[pri:0, instance:tests.SauceLoginTest@561b6512]" started-at="2025-10-17T15:36:09 IST" name="teardown" finished-at="2025-10-17T15:36:11 IST" duration-ms="2421" status="PASS">
          <reporter-output>
          </reporter-output>
        </test-method> <!-- teardown -->
      </class> <!-- tests.SauceLoginTest -->
    </test> <!-- Default test -->
  </suite> <!-- Default suite -->
</testng-results>
